<?xml version="1.0" encoding="UTF-8"?>
<!-- Generated by org.testng.reporters.JUnitReportReporter -->
<testsuite hostname="HP14S" failures="0" tests="1" name="testClasses.VerifyUserCanLogin" time="1.473" errors="0" timestamp="2022-10-12T15:07:07 IST" skipped="0">
  <testcase classname="testClasses.VerifyUserCanLogin" name="VerifyUserCanLogIn" time="1.473"/>
  <system-out/>
</testsuite> <!-- testClasses.VerifyUserCanLogin -->
